<?xml version="1.0" encoding="UTF-8"?>
<testng-results ignored="0" total="1" passed="1" failed="0" skipped="0">
  <reporter-output>
  </reporter-output>
  <suite started-at="2024-01-18T23:37:52 EST" name="Default suite" finished-at="2024-01-18T23:37:52 EST" duration-ms="22">
    <groups>
    </groups>
    <test started-at="2024-01-18T23:37:52 EST" name="Default test" finished-at="2024-01-18T23:37:52 EST" duration-ms="22">
      <class name="CoreJavaPractice.PS1">
        <test-method is-config="true" signature="beforerun()[pri:0, instance:CoreJavaPractice.PS1@72cde7cc]" started-at="2024-01-18T23:37:52 EST" name="beforerun" finished-at="2024-01-18T23:37:52 EST" duration-ms="1" status="PASS">
          <reporter-output>
          </reporter-output>
        </test-method> <!-- beforerun -->
        <test-method signature="testRun()[pri:0, instance:CoreJavaPractice.PS1@72cde7cc]" started-at="2024-01-18T23:37:52 EST" name="testRun" finished-at="2024-01-18T23:37:52 EST" duration-ms="4" status="PASS">
          <reporter-output>
          </reporter-output>
        </test-method> <!-- testRun -->
        <test-method is-config="true" signature="afterrun()[pri:0, instance:CoreJavaPractice.PS1@72cde7cc]" started-at="2024-01-18T23:37:52 EST" name="afterrun" finished-at="2024-01-18T23:37:52 EST" duration-ms="1" status="PASS">
          <reporter-output>
          </reporter-output>
        </test-method> <!-- afterrun -->
      </class> <!-- CoreJavaPractice.PS1 -->
    </test> <!-- Default test -->
  </suite> <!-- Default suite -->
</testng-results>
